<?xml version="1.0" encoding="UTF-8"?>
<testsuite xmlns:xsi="http://www.w3.org/2001/XMLSchema-instance" xsi:noNamespaceSchemaLocation="https://maven.apache.org/surefire/maven-surefire-plugin/xsd/surefire-test-report.xsd" name="TestSuite" time="2.986" tests="1" errors="0" skipped="0" failures="1">
  <properties>
    <property name="sun.desktop" value="windows"/>
    <property name="awt.toolkit" value="sun.awt.windows.WToolkit"/>
    <property name="file.encoding.pkg" value="sun.io"/>
    <property name="java.specification.version" value="1.8"/>
    <property name="sun.cpu.isalist" value="amd64"/>
    <property name="sun.jnu.encoding" value="Cp1252"/>
    <property name="java.class.path" value="C:\src\APIFramework\target\test-classes;C:\src\APIFramework\target\classes;C:\Users\Vijay\.m2\repository\org\seleniumhq\selenium\selenium-java\3.13.0\selenium-java-3.13.0.jar;C:\Users\Vijay\.m2\repository\org\seleniumhq\selenium\selenium-api\3.13.0\selenium-api-3.13.0.jar;C:\Users\Vijay\.m2\repository\org\seleniumhq\selenium\selenium-chrome-driver\3.13.0\selenium-chrome-driver-3.13.0.jar;C:\Users\Vijay\.m2\repository\org\seleniumhq\selenium\selenium-edge-driver\3.13.0\selenium-edge-driver-3.13.0.jar;C:\Users\Vijay\.m2\repository\org\seleniumhq\selenium\selenium-firefox-driver\3.13.0\selenium-firefox-driver-3.13.0.jar;C:\Users\Vijay\.m2\repository\org\seleniumhq\selenium\selenium-ie-driver\3.13.0\selenium-ie-driver-3.13.0.jar;C:\Users\Vijay\.m2\repository\org\seleniumhq\selenium\selenium-opera-driver\3.13.0\selenium-opera-driver-3.13.0.jar;C:\Users\Vijay\.m2\repository\org\seleniumhq\selenium\selenium-remote-driver\3.13.0\selenium-remote-driver-3.13.0.jar;C:\Users\Vijay\.m2\repository\org\seleniumhq\selenium\selenium-safari-driver\3.13.0\selenium-safari-driver-3.13.0.jar;C:\Users\Vijay\.m2\repository\org\seleniumhq\selenium\selenium-support\3.13.0\selenium-support-3.13.0.jar;C:\Users\Vijay\.m2\repository\net\bytebuddy\byte-buddy\1.8.3\byte-buddy-1.8.3.jar;C:\Users\Vijay\.m2\repository\org\apache\commons\commons-exec\1.3\commons-exec-1.3.jar;C:\Users\Vijay\.m2\repository\commons-codec\commons-codec\1.10\commons-codec-1.10.jar;C:\Users\Vijay\.m2\repository\commons-logging\commons-logging\1.2\commons-logging-1.2.jar;C:\Users\Vijay\.m2\repository\com\google\code\gson\gson\2.8.4\gson-2.8.4.jar;C:\Users\Vijay\.m2\repository\com\google\guava\guava\25.0-jre\guava-25.0-jre.jar;C:\Users\Vijay\.m2\repository\com\google\code\findbugs\jsr305\1.3.9\jsr305-1.3.9.jar;C:\Users\Vijay\.m2\repository\org\checkerframework\checker-compat-qual\2.0.0\checker-compat-qual-2.0.0.jar;C:\Users\Vijay\.m2\repository\com\google\errorprone\error_prone_annotations\2.1.3\error_prone_annotations-2.1.3.jar;C:\Users\Vijay\.m2\repository\com\google\j2objc\j2objc-annotations\1.1\j2objc-annotations-1.1.jar;C:\Users\Vijay\.m2\repository\org\codehaus\mojo\animal-sniffer-annotations\1.14\animal-sniffer-annotations-1.14.jar;C:\Users\Vijay\.m2\repository\org\apache\httpcomponents\httpclient\4.5.5\httpclient-4.5.5.jar;C:\Users\Vijay\.m2\repository\org\apache\httpcomponents\httpcore\4.4.9\httpcore-4.4.9.jar;C:\Users\Vijay\.m2\repository\com\squareup\okhttp3\okhttp\3.10.0\okhttp-3.10.0.jar;C:\Users\Vijay\.m2\repository\com\squareup\okio\okio\1.14.1\okio-1.14.1.jar;C:\Users\Vijay\.m2\repository\org\apache\poi\poi\3.9\poi-3.9.jar;C:\Users\Vijay\.m2\repository\log4j\log4j\1.2.17\log4j-1.2.17.jar;C:\Users\Vijay\.m2\repository\org\testng\testng\6.8\testng-6.8.jar;C:\Users\Vijay\.m2\repository\junit\junit\4.10\junit-4.10.jar;C:\Users\Vijay\.m2\repository\org\beanshell\bsh\2.0b4\bsh-2.0b4.jar;C:\Users\Vijay\.m2\repository\com\beust\jcommander\1.27\jcommander-1.27.jar;C:\Users\Vijay\.m2\repository\org\yaml\snakeyaml\1.6\snakeyaml-1.6.jar;C:\Users\Vijay\.m2\repository\org\json\json\20090211\json-20090211.jar;C:\Users\Vijay\.m2\repository\com\googlecode\json-simple\json-simple\1.1.1\json-simple-1.1.1.jar;C:\Users\Vijay\.m2\repository\org\codehaus\jackson\jackson-core-asl\1.9.13\jackson-core-asl-1.9.13.jar;C:\Users\Vijay\.m2\repository\com\fasterxml\jackson\core\jackson-databind\2.9.6\jackson-databind-2.9.6.jar;C:\Users\Vijay\.m2\repository\com\fasterxml\jackson\core\jackson-annotations\2.9.0\jackson-annotations-2.9.0.jar;C:\Users\Vijay\.m2\repository\io\rest-assured\rest-assured\3.0.2\rest-assured-3.0.2.jar;C:\Users\Vijay\.m2\repository\org\codehaus\groovy\groovy\2.4.6\groovy-2.4.6.jar;C:\Users\Vijay\.m2\repository\org\codehaus\groovy\groovy-xml\2.4.6\groovy-xml-2.4.6.jar;C:\Users\Vijay\.m2\repository\org\apache\httpcomponents\httpmime\4.5.1\httpmime-4.5.1.jar;C:\Users\Vijay\.m2\repository\org\hamcrest\hamcrest-core\1.3\hamcrest-core-1.3.jar;C:\Users\Vijay\.m2\repository\org\hamcrest\hamcrest-library\1.3\hamcrest-library-1.3.jar;C:\Users\Vijay\.m2\repository\org\ccil\cowan\tagsoup\tagsoup\1.2.1\tagsoup-1.2.1.jar;C:\Users\Vijay\.m2\repository\io\rest-assured\json-path\3.0.2\json-path-3.0.2.jar;C:\Users\Vijay\.m2\repository\org\codehaus\groovy\groovy-json\2.4.6\groovy-json-2.4.6.jar;C:\Users\Vijay\.m2\repository\io\rest-assured\rest-assured-common\3.0.2\rest-assured-common-3.0.2.jar;C:\Users\Vijay\.m2\repository\io\rest-assured\xml-path\3.0.2\xml-path-3.0.2.jar;C:\Users\Vijay\.m2\repository\org\skyscreamer\jsonassert\1.5.0\jsonassert-1.5.0.jar;C:\Users\Vijay\.m2\repository\com\vaadin\external\google\android-json\0.0.20131108.vaadin1\android-json-0.0.20131108.vaadin1.jar;C:\Users\Vijay\.m2\repository\commons-io\commons-io\2.6\commons-io-2.6.jar;C:\Users\Vijay\.m2\repository\com\codoid\products\fillo\1.16\fillo-1.16.jar;C:\Users\Vijay\.m2\repository\com\fasterxml\jackson\core\jackson-core\2.9.6\jackson-core-2.9.6.jar;C:\Users\Vijay\.m2\repository\com\relevantcodes\extentreports\2.41.2\extentreports-2.41.2.jar;C:\Users\Vijay\.m2\repository\org\jsoup\jsoup\1.8.3\jsoup-1.8.3.jar;C:\Users\Vijay\.m2\repository\org\xerial\sqlite-jdbc\3.8.11.1\sqlite-jdbc-3.8.11.1.jar;C:\Users\Vijay\.m2\repository\org\freemarker\freemarker\2.3.23\freemarker-2.3.23.jar;C:\Users\Vijay\.m2\repository\org\mongodb\mongodb-driver\3.0.4\mongodb-driver-3.0.4.jar;C:\Users\Vijay\.m2\repository\org\mongodb\bson\3.0.4\bson-3.0.4.jar;C:\Users\Vijay\.m2\repository\org\mongodb\mongodb-driver-core\3.0.4\mongodb-driver-core-3.0.4.jar;C:\Users\Vijay\.m2\repository\com\aventstack\extentreports\3.1.5\extentreports-3.1.5.jar;C:\Users\Vijay\.m2\repository\com\jayway\jsonpath\json-path\2.3.0\json-path-2.3.0.jar;C:\Users\Vijay\.m2\repository\net\minidev\json-smart\2.3\json-smart-2.3.jar;C:\Users\Vijay\.m2\repository\org\slf4j\slf4j-api\1.7.25\slf4j-api-1.7.25.jar;C:\Users\Vijay\.m2\repository\javax\mail\mail\1.4\mail-1.4.jar;C:\Users\Vijay\.m2\repository\javax\activation\activation\1.1\activation-1.1.jar;C:\Users\Vijay\.m2\repository\org\apache\jmeter\ApacheJMeter_core\5.0\ApacheJMeter_core-5.0.jar;C:\Users\Vijay\.m2\repository\org\apache\jmeter\jorphan\5.0\jorphan-5.0.jar;C:\Users\Vijay\.m2\repository\org\ow2\asm\asm\6.1\asm-6.1.jar;C:\Users\Vijay\.m2\repository\net\minidev\accessors-smart\1.2\accessors-smart-1.2.jar;C:\Users\Vijay\.m2\repository\bsf\bsf\2.4.0\bsf-2.4.0.jar;C:\Users\Vijay\.m2\repository\org\apache-extras\beanshell\bsh\2.0b6\bsh-2.0b6.jar;C:\Users\Vijay\.m2\repository\org\bouncycastle\bcmail-jdk15on\1.60\bcmail-jdk15on-1.60.jar;C:\Users\Vijay\.m2\repository\org\bouncycastle\bcprov-jdk15on\1.60\bcprov-jdk15on-1.60.jar;C:\Users\Vijay\.m2\repository\org\bouncycastle\bcpkix-jdk15on\1.60\bcpkix-jdk15on-1.60.jar;C:\Users\Vijay\.m2\repository\org\brotli\dec\0.1.2\dec-0.1.2.jar;C:\Users\Vijay\.m2\repository\com\github\ben-manes\caffeine\caffeine\2.6.2\caffeine-2.6.2.jar;C:\Users\Vijay\.m2\repository\commons-collections\commons-collections\3.2.2\commons-collections-3.2.2.jar;C:\Users\Vijay\.m2\repository\org\apache\commons\commons-dbcp2\2.4.0\commons-dbcp2-2.4.0.jar;C:\Users\Vijay\.m2\repository\org\apache\commons\commons-jexl\2.1.1\commons-jexl-2.1.1.jar;C:\Users\Vijay\.m2\repository\org\apache\commons\commons-jexl3\3.1\commons-jexl3-3.1.jar;C:\Users\Vijay\.m2\repository\org\apache\commons\commons-lang3\3.8\commons-lang3-3.8.jar;C:\Users\Vijay\.m2\repository\org\apache\commons\commons-math3\3.6.1\commons-math3-3.6.1.jar;C:\Users\Vijay\.m2\repository\commons-net\commons-net\3.6\commons-net-3.6.jar;C:\Users\Vijay\.m2\repository\org\apache\commons\commons-pool2\2.6.0\commons-pool2-2.6.0.jar;C:\Users\Vijay\.m2\repository\dnsjava\dnsjava\2.1.8\dnsjava-2.1.8.jar;C:\Users\Vijay\.m2\repository\org\codehaus\groovy\groovy-all\2.4.15\groovy-all-2.4.15.jar;C:\Users\Vijay\.m2\repository\org\apache\httpcomponents\httpasyncclient\4.1.3\httpasyncclient-4.1.3.jar;C:\Users\Vijay\.m2\repository\org\apache\httpcomponents\httpcore-nio\4.4.10\httpcore-nio-4.4.10.jar;C:\Users\Vijay\.m2\repository\oro\oro\2.0.8\oro-2.0.8.jar;C:\Users\Vijay\.m2\repository\jcharts\jcharts\0.7.5\jcharts-0.7.5.jar;C:\Users\Vijay\.m2\repository\org\mozilla\rhino\1.7.10\rhino-1.7.10.jar;C:\Users\Vijay\.m2\repository\net\sf\jtidy\jtidy\r938\jtidy-r938.jar;C:\Users\Vijay\.m2\repository\org\apache\tika\tika-core\1.18\tika-core-1.18.jar;C:\Users\Vijay\.m2\repository\org\apache\tika\tika-parsers\1.18\tika-parsers-1.18.jar;C:\Users\Vijay\.m2\repository\org\gagravarr\vorbis-java-tika\0.8\vorbis-java-tika-0.8.jar;C:\Users\Vijay\.m2\repository\com\healthmarketscience\jackcess\jackcess\2.1.10\jackcess-2.1.10.jar;C:\Users\Vijay\.m2\repository\commons-lang\commons-lang\2.6\commons-lang-2.6.jar;C:\Users\Vijay\.m2\repository\com\healthmarketscience\jackcess\jackcess-encrypt\2.1.4\jackcess-encrypt-2.1.4.jar;C:\Users\Vijay\.m2\repository\org\tallison\jmatio\1.2\jmatio-1.2.jar;C:\Users\Vijay\.m2\repository\org\apache\james\apache-mime4j-core\0.8.1\apache-mime4j-core-0.8.1.jar;C:\Users\Vijay\.m2\repository\org\apache\james\apache-mime4j-dom\0.8.1\apache-mime4j-dom-0.8.1.jar;C:\Users\Vijay\.m2\repository\org\apache\commons\commons-compress\1.16.1\commons-compress-1.16.1.jar;C:\Users\Vijay\.m2\repository\org\objenesis\objenesis\2.6\objenesis-2.6.jar;C:\Users\Vijay\.m2\repository\org\tukaani\xz\1.8\xz-1.8.jar;C:\Users\Vijay\.m2\repository\org\apache\pdfbox\pdfbox\2.0.9\pdfbox-2.0.9.jar;C:\Users\Vijay\.m2\repository\org\apache\pdfbox\fontbox\2.0.9\fontbox-2.0.9.jar;C:\Users\Vijay\.m2\repository\org\apache\pdfbox\pdfbox-tools\2.0.9\pdfbox-tools-2.0.9.jar;C:\Users\Vijay\.m2\repository\org\apache\pdfbox\jempbox\1.8.13\jempbox-1.8.13.jar;C:\Users\Vijay\.m2\repository\org\apache\poi\poi-scratchpad\3.17\poi-scratchpad-3.17.jar;C:\Users\Vijay\.m2\repository\org\apache\poi\poi-ooxml\3.17\poi-ooxml-3.17.jar;C:\Users\Vijay\.m2\repository\org\apache\poi\poi-ooxml-schemas\3.17\poi-ooxml-schemas-3.17.jar;C:\Users\Vijay\.m2\repository\org\apache\xmlbeans\xmlbeans\2.6.0\xmlbeans-2.6.0.jar;C:\Users\Vijay\.m2\repository\com\github\virtuald\curvesapi\1.04\curvesapi-1.04.jar;C:\Users\Vijay\.m2\repository\com\googlecode\mp4parser\isoparser\1.1.18\isoparser-1.1.18.jar;C:\Users\Vijay\.m2\repository\com\drewnoakes\metadata-extractor\2.10.1\metadata-extractor-2.10.1.jar;C:\Users\Vijay\.m2\repository\com\adobe\xmp\xmpcore\5.1.3\xmpcore-5.1.3.jar;C:\Users\Vijay\.m2\repository\de\l3s\boilerpipe\boilerpipe\1.1.0\boilerpipe-1.1.0.jar;C:\Users\Vijay\.m2\repository\com\rometools\rome\1.5.1\rome-1.5.1.jar;C:\Users\Vijay\.m2\repository\com\rometools\rome-utils\1.5.1\rome-utils-1.5.1.jar;C:\Users\Vijay\.m2\repository\org\gagravarr\vorbis-java-core\0.8\vorbis-java-core-0.8.jar;C:\Users\Vijay\.m2\repository\com\googlecode\juniversalchardet\juniversalchardet\1.0.3\juniversalchardet-1.0.3.jar;C:\Users\Vijay\.m2\repository\org\codelibs\jhighlight\1.0.2\jhighlight-1.0.2.jar;C:\Users\Vijay\.m2\repository\com\pff\java-libpst\0.8.1\java-libpst-0.8.1.jar;C:\Users\Vijay\.m2\repository\com\github\junrar\junrar\0.7\junrar-0.7.jar;C:\Users\Vijay\.m2\repository\org\apache\cxf\cxf-rt-rs-client\3.0.16\cxf-rt-rs-client-3.0.16.jar;C:\Users\Vijay\.m2\repository\org\apache\cxf\cxf-rt-transports-http\3.0.16\cxf-rt-transports-http-3.0.16.jar;C:\Users\Vijay\.m2\repository\org\apache\cxf\cxf-core\3.0.16\cxf-core-3.0.16.jar;C:\Users\Vijay\.m2\repository\org\codehaus\woodstox\woodstox-core-asl\4.4.1\woodstox-core-asl-4.4.1.jar;C:\Users\Vijay\.m2\repository\org\codehaus\woodstox\stax2-api\3.1.4\stax2-api-3.1.4.jar;C:\Users\Vijay\.m2\repository\org\apache\ws\xmlschema\xmlschema-core\2.2.2\xmlschema-core-2.2.2.jar;C:\Users\Vijay\.m2\repository\org\apache\cxf\cxf-rt-frontend-jaxrs\3.0.16\cxf-rt-frontend-jaxrs-3.0.16.jar;C:\Users\Vijay\.m2\repository\javax\ws\rs\javax.ws.rs-api\2.0.1\javax.ws.rs-api-2.0.1.jar;C:\Users\Vijay\.m2\repository\javax\annotation\javax.annotation-api\1.2\javax.annotation-api-1.2.jar;C:\Users\Vijay\.m2\repository\org\apache\opennlp\opennlp-tools\1.8.4\opennlp-tools-1.8.4.jar;C:\Users\Vijay\.m2\repository\com\github\openjson\openjson\1.0.10\openjson-1.0.10.jar;C:\Users\Vijay\.m2\repository\org\slf4j\jul-to-slf4j\1.7.24\jul-to-slf4j-1.7.24.jar;C:\Users\Vijay\.m2\repository\edu\ucar\netcdf4\4.5.5\netcdf4-4.5.5.jar;C:\Users\Vijay\.m2\repository\net\jcip\jcip-annotations\1.0\jcip-annotations-1.0.jar;C:\Users\Vijay\.m2\repository\net\java\dev\jna\jna\4.1.0\jna-4.1.0.jar;C:\Users\Vijay\.m2\repository\edu\ucar\grib\4.5.5\grib-4.5.5.jar;C:\Users\Vijay\.m2\repository\com\google\protobuf\protobuf-java\2.5.0\protobuf-java-2.5.0.jar;C:\Users\Vijay\.m2\repository\org\itadaki\bzip2\0.9.1\bzip2-0.9.1.jar;C:\Users\Vijay\.m2\repository\edu\ucar\cdm\4.5.5\cdm-4.5.5.jar;C:\Users\Vijay\.m2\repository\edu\ucar\udunits\4.5.5\udunits-4.5.5.jar;C:\Users\Vijay\.m2\repository\joda-time\joda-time\2.2\joda-time-2.2.jar;C:\Users\Vijay\.m2\repository\org\quartz-scheduler\quartz\2.2.0\quartz-2.2.0.jar;C:\Users\Vijay\.m2\repository\c3p0\c3p0\0.9.1.1\c3p0-0.9.1.1.jar;C:\Users\Vijay\.m2\repository\net\sf\ehcache\ehcache-core\2.6.2\ehcache-core-2.6.2.jar;C:\Users\Vijay\.m2\repository\edu\ucar\httpservices\4.5.5\httpservices-4.5.5.jar;C:\Users\Vijay\.m2\repository\org\apache\commons\commons-csv\1.0\commons-csv-1.0.jar;C:\Users\Vijay\.m2\repository\org\apache\sis\core\sis-utility\0.8\sis-utility-0.8.jar;C:\Users\Vijay\.m2\repository\javax\measure\unit-api\1.0\unit-api-1.0.jar;C:\Users\Vijay\.m2\repository\org\apache\sis\storage\sis-netcdf\0.8\sis-netcdf-0.8.jar;C:\Users\Vijay\.m2\repository\org\apache\sis\storage\sis-storage\0.8\sis-storage-0.8.jar;C:\Users\Vijay\.m2\repository\org\apache\sis\core\sis-feature\0.8\sis-feature-0.8.jar;C:\Users\Vijay\.m2\repository\org\apache\sis\core\sis-referencing\0.8\sis-referencing-0.8.jar;C:\Users\Vijay\.m2\repository\org\apache\sis\core\sis-metadata\0.8\sis-metadata-0.8.jar;C:\Users\Vijay\.m2\repository\org\opengis\geoapi\3.0.1\geoapi-3.0.1.jar;C:\Users\Vijay\.m2\repository\edu\usc\ir\sentiment-analysis-parser\0.1\sentiment-analysis-parser-0.1.jar;C:\Users\Vijay\.m2\repository\org\apache\uima\uimafit-core\2.2.0\uimafit-core-2.2.0.jar;C:\Users\Vijay\.m2\repository\commons-logging\commons-logging-api\1.1\commons-logging-api-1.1.jar;C:\Users\Vijay\.m2\repository\org\springframework\spring-core\3.2.16.RELEASE\spring-core-3.2.16.RELEASE.jar;C:\Users\Vijay\.m2\repository\org\springframework\spring-context\3.2.16.RELEASE\spring-context-3.2.16.RELEASE.jar;C:\Users\Vijay\.m2\repository\org\springframework\spring-aop\3.2.16.RELEASE\spring-aop-3.2.16.RELEASE.jar;C:\Users\Vijay\.m2\repository\aopalliance\aopalliance\1.0\aopalliance-1.0.jar;C:\Users\Vijay\.m2\repository\org\springframework\spring-expression\3.2.16.RELEASE\spring-expression-3.2.16.RELEASE.jar;C:\Users\Vijay\.m2\repository\org\springframework\spring-beans\3.2.16.RELEASE\spring-beans-3.2.16.RELEASE.jar;C:\Users\Vijay\.m2\repository\org\apache\uima\uimaj-core\2.9.0\uimaj-core-2.9.0.jar;C:\Users\Vijay\.m2\repository\org\jdom\jdom2\2.0.6\jdom2-2.0.6.jar;C:\Users\Vijay\.m2\repository\org\apache\pdfbox\jbig2-imageio\3.0.0\jbig2-imageio-3.0.0.jar;C:\Users\Vijay\.m2\repository\com\github\jai-imageio\jai-imageio-core\1.3.1\jai-imageio-core-1.3.1.jar;C:\Users\Vijay\.m2\repository\com\thoughtworks\xstream\xstream\1.4.10\xstream-1.4.10.jar;C:\Users\Vijay\.m2\repository\xmlpull\xmlpull\1.1.3.1\xmlpull-1.1.3.1.jar;C:\Users\Vijay\.m2\repository\xpp3\xpp3_min\1.1.4c\xpp3_min-1.1.4c.jar;C:\Users\Vijay\.m2\repository\xalan\xalan\2.7.2\xalan-2.7.2.jar;C:\Users\Vijay\.m2\repository\xalan\serializer\2.7.2\serializer-2.7.2.jar;C:\Users\Vijay\.m2\repository\net\sf\saxon\Saxon-HE\9.8.0-12\Saxon-HE-9.8.0-12.jar;C:\Users\Vijay\.m2\repository\xerces\xercesImpl\2.11.0\xercesImpl-2.11.0.jar;C:\Users\Vijay\.m2\repository\xml-apis\xml-apis\1.4.01\xml-apis-1.4.01.jar;C:\Users\Vijay\.m2\repository\org\apache\xmlgraphics\xmlgraphics-commons\2.2\xmlgraphics-commons-2.2.jar;C:\Users\Vijay\.m2\repository\javax\activation\javax.activation-api\1.2.0\javax.activation-api-1.2.0.jar;C:\Users\Vijay\.m2\repository\com\sun\activation\javax.activation\1.2.0\javax.activation-1.2.0.jar;C:\Users\Vijay\.m2\repository\org\apache\geronimo\specs\geronimo-jms_1.1_spec\1.1.1\geronimo-jms_1.1_spec-1.1.1.jar;C:\Users\Vijay\.m2\repository\org\jodd\jodd-core\4.1.4\jodd-core-4.1.4.jar;C:\Users\Vijay\.m2\repository\org\jodd\jodd-lagarto\4.1.4\jodd-lagarto-4.1.4.jar;C:\Users\Vijay\.m2\repository\org\jodd\jodd-log\4.1.4\jodd-log-4.1.4.jar;C:\Users\Vijay\.m2\repository\org\jodd\jodd-props\4.1.4\jodd-props-4.1.4.jar;C:\Users\Vijay\.m2\repository\org\mongodb\mongo-java-driver\2.11.3\mongo-java-driver-2.11.3.jar;C:\Users\Vijay\.m2\repository\com\helger\ph-css\6.1.1\ph-css-6.1.1.jar;C:\Users\Vijay\.m2\repository\com\helger\ph-commons\9.1.2\ph-commons-9.1.2.jar;C:\Users\Vijay\.m2\repository\com\fifesoft\rsyntaxtextarea\2.6.1\rsyntaxtextarea-2.6.1.jar;C:\Users\Vijay\.m2\repository\org\slf4j\slf4j-ext\1.7.25\slf4j-ext-1.7.25.jar;C:\Users\Vijay\.m2\repository\org\slf4j\jcl-over-slf4j\1.7.25\jcl-over-slf4j-1.7.25.jar;C:\Users\Vijay\.m2\repository\org\apache\logging\log4j\log4j-api\2.11.0\log4j-api-2.11.0.jar;C:\Users\Vijay\.m2\repository\org\apache\logging\log4j\log4j-core\2.11.0\log4j-core-2.11.0.jar;C:\Users\Vijay\.m2\repository\org\apache\logging\log4j\log4j-slf4j-impl\2.11.0\log4j-slf4j-impl-2.11.0.jar;C:\Users\Vijay\.m2\repository\org\apache\logging\log4j\log4j-1.2-api\2.11.0\log4j-1.2-api-2.11.0.jar;C:\Users\Vijay\.m2\repository\org\apache\jmeter\ApacheJMeter_http\5.0\ApacheJMeter_http-5.0.jar;C:\Users\Vijay\.m2\repository\org\apache\jmeter\ApacheJMeter_components\5.0\ApacheJMeter_components-5.0.jar;C:\Users\Vijay\.m2\repository\org\apache\jmeter\ApacheJMeter_java\5.0\ApacheJMeter_java-5.0.jar;C:\Users\Vijay\.m2\repository\com\microsoft\sqlserver\mssql-jdbc\6.1.0.jre8\mssql-jdbc-6.1.0.jre8.jar;C:\Users\Vijay\.m2\repository\com\microsoft\azure\azure-keyvault\0.9.3\azure-keyvault-0.9.3.jar;C:\Users\Vijay\.m2\repository\com\microsoft\azure\azure-core\0.9.3\azure-core-0.9.3.jar;C:\Users\Vijay\.m2\repository\com\sun\jersey\jersey-client\1.13\jersey-client-1.13.jar;C:\Users\Vijay\.m2\repository\com\sun\jersey\jersey-core\1.13\jersey-core-1.13.jar;C:\Users\Vijay\.m2\repository\com\sun\jersey\jersey-json\1.13\jersey-json-1.13.jar;C:\Users\Vijay\.m2\repository\org\codehaus\jettison\jettison\1.1\jettison-1.1.jar;C:\Users\Vijay\.m2\repository\stax\stax-api\1.0.1\stax-api-1.0.1.jar;C:\Users\Vijay\.m2\repository\com\sun\xml\bind\jaxb-impl\2.2.3-1\jaxb-impl-2.2.3-1.jar;C:\Users\Vijay\.m2\repository\javax\xml\bind\jaxb-api\2.2.2\jaxb-api-2.2.2.jar;C:\Users\Vijay\.m2\repository\javax\xml\stream\stax-api\1.0-2\stax-api-1.0-2.jar;C:\Users\Vijay\.m2\repository\org\codehaus\jackson\jackson-mapper-asl\1.9.2\jackson-mapper-asl-1.9.2.jar;C:\Users\Vijay\.m2\repository\org\codehaus\jackson\jackson-jaxrs\1.9.2\jackson-jaxrs-1.9.2.jar;C:\Users\Vijay\.m2\repository\org\codehaus\jackson\jackson-xc\1.9.2\jackson-xc-1.9.2.jar;C:\Users\Vijay\.m2\repository\javax\inject\javax.inject\1\javax.inject-1.jar;C:\Users\Vijay\.m2\repository\com\microsoft\azure\adal4j\1.0.0\adal4j-1.0.0.jar;C:\Users\Vijay\.m2\repository\com\nimbusds\oauth2-oidc-sdk\4.5\oauth2-oidc-sdk-4.5.jar;C:\Users\Vijay\.m2\repository\com\nimbusds\lang-tag\1.4\lang-tag-1.4.jar;C:\Users\Vijay\.m2\repository\com\nimbusds\nimbus-jose-jwt\3.1.2\nimbus-jose-jwt-3.1.2.jar;C:\Users\Vijay\.m2\repository\org\apache\maven\surefire\surefire-testng-utils\2.22.0\surefire-testng-utils-2.22.0.jar;C:\Users\Vijay\.m2\repository\org\apache\maven\surefire\surefire-grouper\2.22.0\surefire-grouper-2.22.0.jar;"/>
    <property name="java.vm.vendor" value="Oracle Corporation"/>
    <property name="sun.arch.data.model" value="64"/>
    <property name="user.variant" value=""/>
    <property name="java.vendor.url" value="http://java.oracle.com/"/>
    <property name="user.timezone" value="Asia/Calcutta"/>
    <property name="java.vm.specification.version" value="1.8"/>
    <property name="os.name" value="Windows 7"/>
    <property name="user.country" value="US"/>
    <property name="sun.java.launcher" value="SUN_STANDARD"/>
    <property name="sun.boot.library.path" value="C:\Program Files\Java\jdk1.8.0_201\jre\bin"/>
    <property name="sun.java.command" value="C:\Users\Vijay\AppData\Local\Temp\surefire8791877761038261554\surefirebooter6384104780221980437.jar C:\Users\Vijay\AppData\Local\Temp\surefire8791877761038261554 2019-03-08T07-46-44_328-jvmRun1 surefire8341235189004889785tmp surefire_01692997856421738878tmp"/>
    <property name="surefire.test.class.path" value="C:\src\APIFramework\target\test-classes;C:\src\APIFramework\target\classes;C:\Users\Vijay\.m2\repository\org\seleniumhq\selenium\selenium-java\3.13.0\selenium-java-3.13.0.jar;C:\Users\Vijay\.m2\repository\org\seleniumhq\selenium\selenium-api\3.13.0\selenium-api-3.13.0.jar;C:\Users\Vijay\.m2\repository\org\seleniumhq\selenium\selenium-chrome-driver\3.13.0\selenium-chrome-driver-3.13.0.jar;C:\Users\Vijay\.m2\repository\org\seleniumhq\selenium\selenium-edge-driver\3.13.0\selenium-edge-driver-3.13.0.jar;C:\Users\Vijay\.m2\repository\org\seleniumhq\selenium\selenium-firefox-driver\3.13.0\selenium-firefox-driver-3.13.0.jar;C:\Users\Vijay\.m2\repository\org\seleniumhq\selenium\selenium-ie-driver\3.13.0\selenium-ie-driver-3.13.0.jar;C:\Users\Vijay\.m2\repository\org\seleniumhq\selenium\selenium-opera-driver\3.13.0\selenium-opera-driver-3.13.0.jar;C:\Users\Vijay\.m2\repository\org\seleniumhq\selenium\selenium-remote-driver\3.13.0\selenium-remote-driver-3.13.0.jar;C:\Users\Vijay\.m2\repository\org\seleniumhq\selenium\selenium-safari-driver\3.13.0\selenium-safari-driver-3.13.0.jar;C:\Users\Vijay\.m2\repository\org\seleniumhq\selenium\selenium-support\3.13.0\selenium-support-3.13.0.jar;C:\Users\Vijay\.m2\repository\net\bytebuddy\byte-buddy\1.8.3\byte-buddy-1.8.3.jar;C:\Users\Vijay\.m2\repository\org\apache\commons\commons-exec\1.3\commons-exec-1.3.jar;C:\Users\Vijay\.m2\repository\commons-codec\commons-codec\1.10\commons-codec-1.10.jar;C:\Users\Vijay\.m2\repository\commons-logging\commons-logging\1.2\commons-logging-1.2.jar;C:\Users\Vijay\.m2\repository\com\google\code\gson\gson\2.8.4\gson-2.8.4.jar;C:\Users\Vijay\.m2\repository\com\google\guava\guava\25.0-jre\guava-25.0-jre.jar;C:\Users\Vijay\.m2\repository\com\google\code\findbugs\jsr305\1.3.9\jsr305-1.3.9.jar;C:\Users\Vijay\.m2\repository\org\checkerframework\checker-compat-qual\2.0.0\checker-compat-qual-2.0.0.jar;C:\Users\Vijay\.m2\repository\com\google\errorprone\error_prone_annotations\2.1.3\error_prone_annotations-2.1.3.jar;C:\Users\Vijay\.m2\repository\com\google\j2objc\j2objc-annotations\1.1\j2objc-annotations-1.1.jar;C:\Users\Vijay\.m2\repository\org\codehaus\mojo\animal-sniffer-annotations\1.14\animal-sniffer-annotations-1.14.jar;C:\Users\Vijay\.m2\repository\org\apache\httpcomponents\httpclient\4.5.5\httpclient-4.5.5.jar;C:\Users\Vijay\.m2\repository\org\apache\httpcomponents\httpcore\4.4.9\httpcore-4.4.9.jar;C:\Users\Vijay\.m2\repository\com\squareup\okhttp3\okhttp\3.10.0\okhttp-3.10.0.jar;C:\Users\Vijay\.m2\repository\com\squareup\okio\okio\1.14.1\okio-1.14.1.jar;C:\Users\Vijay\.m2\repository\org\apache\poi\poi\3.9\poi-3.9.jar;C:\Users\Vijay\.m2\repository\log4j\log4j\1.2.17\log4j-1.2.17.jar;C:\Users\Vijay\.m2\repository\org\testng\testng\6.8\testng-6.8.jar;C:\Users\Vijay\.m2\repository\junit\junit\4.10\junit-4.10.jar;C:\Users\Vijay\.m2\repository\org\beanshell\bsh\2.0b4\bsh-2.0b4.jar;C:\Users\Vijay\.m2\repository\com\beust\jcommander\1.27\jcommander-1.27.jar;C:\Users\Vijay\.m2\repository\org\yaml\snakeyaml\1.6\snakeyaml-1.6.jar;C:\Users\Vijay\.m2\repository\org\json\json\20090211\json-20090211.jar;C:\Users\Vijay\.m2\repository\com\googlecode\json-simple\json-simple\1.1.1\json-simple-1.1.1.jar;C:\Users\Vijay\.m2\repository\org\codehaus\jackson\jackson-core-asl\1.9.13\jackson-core-asl-1.9.13.jar;C:\Users\Vijay\.m2\repository\com\fasterxml\jackson\core\jackson-databind\2.9.6\jackson-databind-2.9.6.jar;C:\Users\Vijay\.m2\repository\com\fasterxml\jackson\core\jackson-annotations\2.9.0\jackson-annotations-2.9.0.jar;C:\Users\Vijay\.m2\repository\io\rest-assured\rest-assured\3.0.2\rest-assured-3.0.2.jar;C:\Users\Vijay\.m2\repository\org\codehaus\groovy\groovy\2.4.6\groovy-2.4.6.jar;C:\Users\Vijay\.m2\repository\org\codehaus\groovy\groovy-xml\2.4.6\groovy-xml-2.4.6.jar;C:\Users\Vijay\.m2\repository\org\apache\httpcomponents\httpmime\4.5.1\httpmime-4.5.1.jar;C:\Users\Vijay\.m2\repository\org\hamcrest\hamcrest-core\1.3\hamcrest-core-1.3.jar;C:\Users\Vijay\.m2\repository\org\hamcrest\hamcrest-library\1.3\hamcrest-library-1.3.jar;C:\Users\Vijay\.m2\repository\org\ccil\cowan\tagsoup\tagsoup\1.2.1\tagsoup-1.2.1.jar;C:\Users\Vijay\.m2\repository\io\rest-assured\json-path\3.0.2\json-path-3.0.2.jar;C:\Users\Vijay\.m2\repository\org\codehaus\groovy\groovy-json\2.4.6\groovy-json-2.4.6.jar;C:\Users\Vijay\.m2\repository\io\rest-assured\rest-assured-common\3.0.2\rest-assured-common-3.0.2.jar;C:\Users\Vijay\.m2\repository\io\rest-assured\xml-path\3.0.2\xml-path-3.0.2.jar;C:\Users\Vijay\.m2\repository\org\skyscreamer\jsonassert\1.5.0\jsonassert-1.5.0.jar;C:\Users\Vijay\.m2\repository\com\vaadin\external\google\android-json\0.0.20131108.vaadin1\android-json-0.0.20131108.vaadin1.jar;C:\Users\Vijay\.m2\repository\commons-io\commons-io\2.6\commons-io-2.6.jar;C:\Users\Vijay\.m2\repository\com\codoid\products\fillo\1.16\fillo-1.16.jar;C:\Users\Vijay\.m2\repository\com\fasterxml\jackson\core\jackson-core\2.9.6\jackson-core-2.9.6.jar;C:\Users\Vijay\.m2\repository\com\relevantcodes\extentreports\2.41.2\extentreports-2.41.2.jar;C:\Users\Vijay\.m2\repository\org\jsoup\jsoup\1.8.3\jsoup-1.8.3.jar;C:\Users\Vijay\.m2\repository\org\xerial\sqlite-jdbc\3.8.11.1\sqlite-jdbc-3.8.11.1.jar;C:\Users\Vijay\.m2\repository\org\freemarker\freemarker\2.3.23\freemarker-2.3.23.jar;C:\Users\Vijay\.m2\repository\org\mongodb\mongodb-driver\3.0.4\mongodb-driver-3.0.4.jar;C:\Users\Vijay\.m2\repository\org\mongodb\bson\3.0.4\bson-3.0.4.jar;C:\Users\Vijay\.m2\repository\org\mongodb\mongodb-driver-core\3.0.4\mongodb-driver-core-3.0.4.jar;C:\Users\Vijay\.m2\repository\com\aventstack\extentreports\3.1.5\extentreports-3.1.5.jar;C:\Users\Vijay\.m2\repository\com\jayway\jsonpath\json-path\2.3.0\json-path-2.3.0.jar;C:\Users\Vijay\.m2\repository\net\minidev\json-smart\2.3\json-smart-2.3.jar;C:\Users\Vijay\.m2\repository\org\slf4j\slf4j-api\1.7.25\slf4j-api-1.7.25.jar;C:\Users\Vijay\.m2\repository\javax\mail\mail\1.4\mail-1.4.jar;C:\Users\Vijay\.m2\repository\javax\activation\activation\1.1\activation-1.1.jar;C:\Users\Vijay\.m2\repository\org\apache\jmeter\ApacheJMeter_core\5.0\ApacheJMeter_core-5.0.jar;C:\Users\Vijay\.m2\repository\org\apache\jmeter\jorphan\5.0\jorphan-5.0.jar;C:\Users\Vijay\.m2\repository\org\ow2\asm\asm\6.1\asm-6.1.jar;C:\Users\Vijay\.m2\repository\net\minidev\accessors-smart\1.2\accessors-smart-1.2.jar;C:\Users\Vijay\.m2\repository\bsf\bsf\2.4.0\bsf-2.4.0.jar;C:\Users\Vijay\.m2\repository\org\apache-extras\beanshell\bsh\2.0b6\bsh-2.0b6.jar;C:\Users\Vijay\.m2\repository\org\bouncycastle\bcmail-jdk15on\1.60\bcmail-jdk15on-1.60.jar;C:\Users\Vijay\.m2\repository\org\bouncycastle\bcprov-jdk15on\1.60\bcprov-jdk15on-1.60.jar;C:\Users\Vijay\.m2\repository\org\bouncycastle\bcpkix-jdk15on\1.60\bcpkix-jdk15on-1.60.jar;C:\Users\Vijay\.m2\repository\org\brotli\dec\0.1.2\dec-0.1.2.jar;C:\Users\Vijay\.m2\repository\com\github\ben-manes\caffeine\caffeine\2.6.2\caffeine-2.6.2.jar;C:\Users\Vijay\.m2\repository\commons-collections\commons-collections\3.2.2\commons-collections-3.2.2.jar;C:\Users\Vijay\.m2\repository\org\apache\commons\commons-dbcp2\2.4.0\commons-dbcp2-2.4.0.jar;C:\Users\Vijay\.m2\repository\org\apache\commons\commons-jexl\2.1.1\commons-jexl-2.1.1.jar;C:\Users\Vijay\.m2\repository\org\apache\commons\commons-jexl3\3.1\commons-jexl3-3.1.jar;C:\Users\Vijay\.m2\repository\org\apache\commons\commons-lang3\3.8\commons-lang3-3.8.jar;C:\Users\Vijay\.m2\repository\org\apache\commons\commons-math3\3.6.1\commons-math3-3.6.1.jar;C:\Users\Vijay\.m2\repository\commons-net\commons-net\3.6\commons-net-3.6.jar;C:\Users\Vijay\.m2\repository\org\apache\commons\commons-pool2\2.6.0\commons-pool2-2.6.0.jar;C:\Users\Vijay\.m2\repository\dnsjava\dnsjava\2.1.8\dnsjava-2.1.8.jar;C:\Users\Vijay\.m2\repository\org\codehaus\groovy\groovy-all\2.4.15\groovy-all-2.4.15.jar;C:\Users\Vijay\.m2\repository\org\apache\httpcomponents\httpasyncclient\4.1.3\httpasyncclient-4.1.3.jar;C:\Users\Vijay\.m2\repository\org\apache\httpcomponents\httpcore-nio\4.4.10\httpcore-nio-4.4.10.jar;C:\Users\Vijay\.m2\repository\oro\oro\2.0.8\oro-2.0.8.jar;C:\Users\Vijay\.m2\repository\jcharts\jcharts\0.7.5\jcharts-0.7.5.jar;C:\Users\Vijay\.m2\repository\org\mozilla\rhino\1.7.10\rhino-1.7.10.jar;C:\Users\Vijay\.m2\repository\net\sf\jtidy\jtidy\r938\jtidy-r938.jar;C:\Users\Vijay\.m2\repository\org\apache\tika\tika-core\1.18\tika-core-1.18.jar;C:\Users\Vijay\.m2\repository\org\apache\tika\tika-parsers\1.18\tika-parsers-1.18.jar;C:\Users\Vijay\.m2\repository\org\gagravarr\vorbis-java-tika\0.8\vorbis-java-tika-0.8.jar;C:\Users\Vijay\.m2\repository\com\healthmarketscience\jackcess\jackcess\2.1.10\jackcess-2.1.10.jar;C:\Users\Vijay\.m2\repository\commons-lang\commons-lang\2.6\commons-lang-2.6.jar;C:\Users\Vijay\.m2\repository\com\healthmarketscience\jackcess\jackcess-encrypt\2.1.4\jackcess-encrypt-2.1.4.jar;C:\Users\Vijay\.m2\repository\org\tallison\jmatio\1.2\jmatio-1.2.jar;C:\Users\Vijay\.m2\repository\org\apache\james\apache-mime4j-core\0.8.1\apache-mime4j-core-0.8.1.jar;C:\Users\Vijay\.m2\repository\org\apache\james\apache-mime4j-dom\0.8.1\apache-mime4j-dom-0.8.1.jar;C:\Users\Vijay\.m2\repository\org\apache\commons\commons-compress\1.16.1\commons-compress-1.16.1.jar;C:\Users\Vijay\.m2\repository\org\objenesis\objenesis\2.6\objenesis-2.6.jar;C:\Users\Vijay\.m2\repository\org\tukaani\xz\1.8\xz-1.8.jar;C:\Users\Vijay\.m2\repository\org\apache\pdfbox\pdfbox\2.0.9\pdfbox-2.0.9.jar;C:\Users\Vijay\.m2\repository\org\apache\pdfbox\fontbox\2.0.9\fontbox-2.0.9.jar;C:\Users\Vijay\.m2\repository\org\apache\pdfbox\pdfbox-tools\2.0.9\pdfbox-tools-2.0.9.jar;C:\Users\Vijay\.m2\repository\org\apache\pdfbox\jempbox\1.8.13\jempbox-1.8.13.jar;C:\Users\Vijay\.m2\repository\org\apache\poi\poi-scratchpad\3.17\poi-scratchpad-3.17.jar;C:\Users\Vijay\.m2\repository\org\apache\poi\poi-ooxml\3.17\poi-ooxml-3.17.jar;C:\Users\Vijay\.m2\repository\org\apache\poi\poi-ooxml-schemas\3.17\poi-ooxml-schemas-3.17.jar;C:\Users\Vijay\.m2\repository\org\apache\xmlbeans\xmlbeans\2.6.0\xmlbeans-2.6.0.jar;C:\Users\Vijay\.m2\repository\com\github\virtuald\curvesapi\1.04\curvesapi-1.04.jar;C:\Users\Vijay\.m2\repository\com\googlecode\mp4parser\isoparser\1.1.18\isoparser-1.1.18.jar;C:\Users\Vijay\.m2\repository\com\drewnoakes\metadata-extractor\2.10.1\metadata-extractor-2.10.1.jar;C:\Users\Vijay\.m2\repository\com\adobe\xmp\xmpcore\5.1.3\xmpcore-5.1.3.jar;C:\Users\Vijay\.m2\repository\de\l3s\boilerpipe\boilerpipe\1.1.0\boilerpipe-1.1.0.jar;C:\Users\Vijay\.m2\repository\com\rometools\rome\1.5.1\rome-1.5.1.jar;C:\Users\Vijay\.m2\repository\com\rometools\rome-utils\1.5.1\rome-utils-1.5.1.jar;C:\Users\Vijay\.m2\repository\org\gagravarr\vorbis-java-core\0.8\vorbis-java-core-0.8.jar;C:\Users\Vijay\.m2\repository\com\googlecode\juniversalchardet\juniversalchardet\1.0.3\juniversalchardet-1.0.3.jar;C:\Users\Vijay\.m2\repository\org\codelibs\jhighlight\1.0.2\jhighlight-1.0.2.jar;C:\Users\Vijay\.m2\repository\com\pff\java-libpst\0.8.1\java-libpst-0.8.1.jar;C:\Users\Vijay\.m2\repository\com\github\junrar\junrar\0.7\junrar-0.7.jar;C:\Users\Vijay\.m2\repository\org\apache\cxf\cxf-rt-rs-client\3.0.16\cxf-rt-rs-client-3.0.16.jar;C:\Users\Vijay\.m2\repository\org\apache\cxf\cxf-rt-transports-http\3.0.16\cxf-rt-transports-http-3.0.16.jar;C:\Users\Vijay\.m2\repository\org\apache\cxf\cxf-core\3.0.16\cxf-core-3.0.16.jar;C:\Users\Vijay\.m2\repository\org\codehaus\woodstox\woodstox-core-asl\4.4.1\woodstox-core-asl-4.4.1.jar;C:\Users\Vijay\.m2\repository\org\codehaus\woodstox\stax2-api\3.1.4\stax2-api-3.1.4.jar;C:\Users\Vijay\.m2\repository\org\apache\ws\xmlschema\xmlschema-core\2.2.2\xmlschema-core-2.2.2.jar;C:\Users\Vijay\.m2\repository\org\apache\cxf\cxf-rt-frontend-jaxrs\3.0.16\cxf-rt-frontend-jaxrs-3.0.16.jar;C:\Users\Vijay\.m2\repository\javax\ws\rs\javax.ws.rs-api\2.0.1\javax.ws.rs-api-2.0.1.jar;C:\Users\Vijay\.m2\repository\javax\annotation\javax.annotation-api\1.2\javax.annotation-api-1.2.jar;C:\Users\Vijay\.m2\repository\org\apache\opennlp\opennlp-tools\1.8.4\opennlp-tools-1.8.4.jar;C:\Users\Vijay\.m2\repository\com\github\openjson\openjson\1.0.10\openjson-1.0.10.jar;C:\Users\Vijay\.m2\repository\org\slf4j\jul-to-slf4j\1.7.24\jul-to-slf4j-1.7.24.jar;C:\Users\Vijay\.m2\repository\edu\ucar\netcdf4\4.5.5\netcdf4-4.5.5.jar;C:\Users\Vijay\.m2\repository\net\jcip\jcip-annotations\1.0\jcip-annotations-1.0.jar;C:\Users\Vijay\.m2\repository\net\java\dev\jna\jna\4.1.0\jna-4.1.0.jar;C:\Users\Vijay\.m2\repository\edu\ucar\grib\4.5.5\grib-4.5.5.jar;C:\Users\Vijay\.m2\repository\com\google\protobuf\protobuf-java\2.5.0\protobuf-java-2.5.0.jar;C:\Users\Vijay\.m2\repository\org\itadaki\bzip2\0.9.1\bzip2-0.9.1.jar;C:\Users\Vijay\.m2\repository\edu\ucar\cdm\4.5.5\cdm-4.5.5.jar;C:\Users\Vijay\.m2\repository\edu\ucar\udunits\4.5.5\udunits-4.5.5.jar;C:\Users\Vijay\.m2\repository\joda-time\joda-time\2.2\joda-time-2.2.jar;C:\Users\Vijay\.m2\repository\org\quartz-scheduler\quartz\2.2.0\quartz-2.2.0.jar;C:\Users\Vijay\.m2\repository\c3p0\c3p0\0.9.1.1\c3p0-0.9.1.1.jar;C:\Users\Vijay\.m2\repository\net\sf\ehcache\ehcache-core\2.6.2\ehcache-core-2.6.2.jar;C:\Users\Vijay\.m2\repository\edu\ucar\httpservices\4.5.5\httpservices-4.5.5.jar;C:\Users\Vijay\.m2\repository\org\apache\commons\commons-csv\1.0\commons-csv-1.0.jar;C:\Users\Vijay\.m2\repository\org\apache\sis\core\sis-utility\0.8\sis-utility-0.8.jar;C:\Users\Vijay\.m2\repository\javax\measure\unit-api\1.0\unit-api-1.0.jar;C:\Users\Vijay\.m2\repository\org\apache\sis\storage\sis-netcdf\0.8\sis-netcdf-0.8.jar;C:\Users\Vijay\.m2\repository\org\apache\sis\storage\sis-storage\0.8\sis-storage-0.8.jar;C:\Users\Vijay\.m2\repository\org\apache\sis\core\sis-feature\0.8\sis-feature-0.8.jar;C:\Users\Vijay\.m2\repository\org\apache\sis\core\sis-referencing\0.8\sis-referencing-0.8.jar;C:\Users\Vijay\.m2\repository\org\apache\sis\core\sis-metadata\0.8\sis-metadata-0.8.jar;C:\Users\Vijay\.m2\repository\org\opengis\geoapi\3.0.1\geoapi-3.0.1.jar;C:\Users\Vijay\.m2\repository\edu\usc\ir\sentiment-analysis-parser\0.1\sentiment-analysis-parser-0.1.jar;C:\Users\Vijay\.m2\repository\org\apache\uima\uimafit-core\2.2.0\uimafit-core-2.2.0.jar;C:\Users\Vijay\.m2\repository\commons-logging\commons-logging-api\1.1\commons-logging-api-1.1.jar;C:\Users\Vijay\.m2\repository\org\springframework\spring-core\3.2.16.RELEASE\spring-core-3.2.16.RELEASE.jar;C:\Users\Vijay\.m2\repository\org\springframework\spring-context\3.2.16.RELEASE\spring-context-3.2.16.RELEASE.jar;C:\Users\Vijay\.m2\repository\org\springframework\spring-aop\3.2.16.RELEASE\spring-aop-3.2.16.RELEASE.jar;C:\Users\Vijay\.m2\repository\aopalliance\aopalliance\1.0\aopalliance-1.0.jar;C:\Users\Vijay\.m2\repository\org\springframework\spring-expression\3.2.16.RELEASE\spring-expression-3.2.16.RELEASE.jar;C:\Users\Vijay\.m2\repository\org\springframework\spring-beans\3.2.16.RELEASE\spring-beans-3.2.16.RELEASE.jar;C:\Users\Vijay\.m2\repository\org\apache\uima\uimaj-core\2.9.0\uimaj-core-2.9.0.jar;C:\Users\Vijay\.m2\repository\org\jdom\jdom2\2.0.6\jdom2-2.0.6.jar;C:\Users\Vijay\.m2\repository\org\apache\pdfbox\jbig2-imageio\3.0.0\jbig2-imageio-3.0.0.jar;C:\Users\Vijay\.m2\repository\com\github\jai-imageio\jai-imageio-core\1.3.1\jai-imageio-core-1.3.1.jar;C:\Users\Vijay\.m2\repository\com\thoughtworks\xstream\xstream\1.4.10\xstream-1.4.10.jar;C:\Users\Vijay\.m2\repository\xmlpull\xmlpull\1.1.3.1\xmlpull-1.1.3.1.jar;C:\Users\Vijay\.m2\repository\xpp3\xpp3_min\1.1.4c\xpp3_min-1.1.4c.jar;C:\Users\Vijay\.m2\repository\xalan\xalan\2.7.2\xalan-2.7.2.jar;C:\Users\Vijay\.m2\repository\xalan\serializer\2.7.2\serializer-2.7.2.jar;C:\Users\Vijay\.m2\repository\net\sf\saxon\Saxon-HE\9.8.0-12\Saxon-HE-9.8.0-12.jar;C:\Users\Vijay\.m2\repository\xerces\xercesImpl\2.11.0\xercesImpl-2.11.0.jar;C:\Users\Vijay\.m2\repository\xml-apis\xml-apis\1.4.01\xml-apis-1.4.01.jar;C:\Users\Vijay\.m2\repository\org\apache\xmlgraphics\xmlgraphics-commons\2.2\xmlgraphics-commons-2.2.jar;C:\Users\Vijay\.m2\repository\javax\activation\javax.activation-api\1.2.0\javax.activation-api-1.2.0.jar;C:\Users\Vijay\.m2\repository\com\sun\activation\javax.activation\1.2.0\javax.activation-1.2.0.jar;C:\Users\Vijay\.m2\repository\org\apache\geronimo\specs\geronimo-jms_1.1_spec\1.1.1\geronimo-jms_1.1_spec-1.1.1.jar;C:\Users\Vijay\.m2\repository\org\jodd\jodd-core\4.1.4\jodd-core-4.1.4.jar;C:\Users\Vijay\.m2\repository\org\jodd\jodd-lagarto\4.1.4\jodd-lagarto-4.1.4.jar;C:\Users\Vijay\.m2\repository\org\jodd\jodd-log\4.1.4\jodd-log-4.1.4.jar;C:\Users\Vijay\.m2\repository\org\jodd\jodd-props\4.1.4\jodd-props-4.1.4.jar;C:\Users\Vijay\.m2\repository\org\mongodb\mongo-java-driver\2.11.3\mongo-java-driver-2.11.3.jar;C:\Users\Vijay\.m2\repository\com\helger\ph-css\6.1.1\ph-css-6.1.1.jar;C:\Users\Vijay\.m2\repository\com\helger\ph-commons\9.1.2\ph-commons-9.1.2.jar;C:\Users\Vijay\.m2\repository\com\fifesoft\rsyntaxtextarea\2.6.1\rsyntaxtextarea-2.6.1.jar;C:\Users\Vijay\.m2\repository\org\slf4j\slf4j-ext\1.7.25\slf4j-ext-1.7.25.jar;C:\Users\Vijay\.m2\repository\org\slf4j\jcl-over-slf4j\1.7.25\jcl-over-slf4j-1.7.25.jar;C:\Users\Vijay\.m2\repository\org\apache\logging\log4j\log4j-api\2.11.0\log4j-api-2.11.0.jar;C:\Users\Vijay\.m2\repository\org\apache\logging\log4j\log4j-core\2.11.0\log4j-core-2.11.0.jar;C:\Users\Vijay\.m2\repository\org\apache\logging\log4j\log4j-slf4j-impl\2.11.0\log4j-slf4j-impl-2.11.0.jar;C:\Users\Vijay\.m2\repository\org\apache\logging\log4j\log4j-1.2-api\2.11.0\log4j-1.2-api-2.11.0.jar;C:\Users\Vijay\.m2\repository\org\apache\jmeter\ApacheJMeter_http\5.0\ApacheJMeter_http-5.0.jar;C:\Users\Vijay\.m2\repository\org\apache\jmeter\ApacheJMeter_components\5.0\ApacheJMeter_components-5.0.jar;C:\Users\Vijay\.m2\repository\org\apache\jmeter\ApacheJMeter_java\5.0\ApacheJMeter_java-5.0.jar;C:\Users\Vijay\.m2\repository\com\microsoft\sqlserver\mssql-jdbc\6.1.0.jre8\mssql-jdbc-6.1.0.jre8.jar;C:\Users\Vijay\.m2\repository\com\microsoft\azure\azure-keyvault\0.9.3\azure-keyvault-0.9.3.jar;C:\Users\Vijay\.m2\repository\com\microsoft\azure\azure-core\0.9.3\azure-core-0.9.3.jar;C:\Users\Vijay\.m2\repository\com\sun\jersey\jersey-client\1.13\jersey-client-1.13.jar;C:\Users\Vijay\.m2\repository\com\sun\jersey\jersey-core\1.13\jersey-core-1.13.jar;C:\Users\Vijay\.m2\repository\com\sun\jersey\jersey-json\1.13\jersey-json-1.13.jar;C:\Users\Vijay\.m2\repository\org\codehaus\jettison\jettison\1.1\jettison-1.1.jar;C:\Users\Vijay\.m2\repository\stax\stax-api\1.0.1\stax-api-1.0.1.jar;C:\Users\Vijay\.m2\repository\com\sun\xml\bind\jaxb-impl\2.2.3-1\jaxb-impl-2.2.3-1.jar;C:\Users\Vijay\.m2\repository\javax\xml\bind\jaxb-api\2.2.2\jaxb-api-2.2.2.jar;C:\Users\Vijay\.m2\repository\javax\xml\stream\stax-api\1.0-2\stax-api-1.0-2.jar;C:\Users\Vijay\.m2\repository\org\codehaus\jackson\jackson-mapper-asl\1.9.2\jackson-mapper-asl-1.9.2.jar;C:\Users\Vijay\.m2\repository\org\codehaus\jackson\jackson-jaxrs\1.9.2\jackson-jaxrs-1.9.2.jar;C:\Users\Vijay\.m2\repository\org\codehaus\jackson\jackson-xc\1.9.2\jackson-xc-1.9.2.jar;C:\Users\Vijay\.m2\repository\javax\inject\javax.inject\1\javax.inject-1.jar;C:\Users\Vijay\.m2\repository\com\microsoft\azure\adal4j\1.0.0\adal4j-1.0.0.jar;C:\Users\Vijay\.m2\repository\com\nimbusds\oauth2-oidc-sdk\4.5\oauth2-oidc-sdk-4.5.jar;C:\Users\Vijay\.m2\repository\com\nimbusds\lang-tag\1.4\lang-tag-1.4.jar;C:\Users\Vijay\.m2\repository\com\nimbusds\nimbus-jose-jwt\3.1.2\nimbus-jose-jwt-3.1.2.jar;C:\Users\Vijay\.m2\repository\org\apache\maven\surefire\surefire-testng-utils\2.22.0\surefire-testng-utils-2.22.0.jar;C:\Users\Vijay\.m2\repository\org\apache\maven\surefire\surefire-grouper\2.22.0\surefire-grouper-2.22.0.jar;"/>
    <property name="sun.cpu.endian" value="little"/>
    <property name="user.home" value="C:\Users\Vijay"/>
    <property name="user.language" value="en"/>
    <property name="java.specification.vendor" value="Oracle Corporation"/>
    <property name="java.home" value="C:\Program Files\Java\jdk1.8.0_201\jre"/>
    <property name="basedir" value="C:\src\APIFramework"/>
    <property name="file.separator" value="\"/>
    <property name="line.separator" value="&#10;"/>
    <property name="java.vm.specification.vendor" value="Oracle Corporation"/>
    <property name="java.specification.name" value="Java Platform API Specification"/>
    <property name="java.awt.graphicsenv" value="sun.awt.Win32GraphicsEnvironment"/>
    <property name="surefire.real.class.path" value="C:\Users\Vijay\AppData\Local\Temp\surefire8791877761038261554\surefirebooter6384104780221980437.jar"/>
    <property name="sun.boot.class.path" value="C:\Program Files\Java\jdk1.8.0_201\jre\lib\resources.jar;C:\Program Files\Java\jdk1.8.0_201\jre\lib\rt.jar;C:\Program Files\Java\jdk1.8.0_201\jre\lib\sunrsasign.jar;C:\Program Files\Java\jdk1.8.0_201\jre\lib\jsse.jar;C:\Program Files\Java\jdk1.8.0_201\jre\lib\jce.jar;C:\Program Files\Java\jdk1.8.0_201\jre\lib\charsets.jar;C:\Program Files\Java\jdk1.8.0_201\jre\lib\jfr.jar;C:\Program Files\Java\jdk1.8.0_201\jre\classes"/>
    <property name="user.script" value=""/>
    <property name="sun.management.compiler" value="HotSpot 64-Bit Tiered Compilers"/>
    <property name="java.runtime.version" value="1.8.0_201-b09"/>
    <property name="user.name" value="Vijay"/>
    <property name="path.separator" value=";"/>
    <property name="os.version" value="6.1"/>
    <property name="java.endorsed.dirs" value="C:\Program Files\Java\jdk1.8.0_201\jre\lib\endorsed"/>
    <property name="java.runtime.name" value="Java(TM) SE Runtime Environment"/>
    <property name="file.encoding" value="Cp1252"/>
    <property name="executiontype" value=""/>
    <property name="java.vm.name" value="Java HotSpot(TM) 64-Bit Server VM"/>
    <property name="localRepository" value="C:\Users\Vijay\.m2\repository"/>
    <property name="java.vendor.url.bug" value="http://bugreport.sun.com/bugreport/"/>
    <property name="java.io.tmpdir" value="C:\Users\Vijay\AppData\Local\Temp\"/>
    <property name="java.version" value="1.8.0_201"/>
    <property name="user.dir" value="C:\src\APIFramework"/>
    <property name="os.arch" value="amd64"/>
    <property name="java.vm.specification.name" value="Java Virtual Machine Specification"/>
    <property name="java.awt.printerjob" value="sun.awt.windows.WPrinterJob"/>
    <property name="sun.os.patch.level" value="Service Pack 1"/>
    <property name="environment" value=""/>
    <property name="java.library.path" value="C:\Program Files\Java\jdk1.8.0_201\jre\bin;C:\Windows\Sun\Java\bin;C:\Windows\system32;C:\Windows;C:/Program Files/Java/jre1.8.0_201/bin/server;C:/Program Files/Java/jre1.8.0_201/bin;C:/Program Files/Java/jre1.8.0_201/lib/amd64;C:\Program Files (x86)\Common Files\Oracle\Java\javapath;C:\Program Files (x86)\AMD APP\bin\x86_64;C:\Program Files (x86)\AMD APP\bin\x86;C:\Program Files (x86)\Intel\iCLS Client\;C:\Program Files\Intel\iCLS Client\;C:\Windows\system32;C:\Windows;C:\Windows\System32\Wbem;C:\Windows\System32\WindowsPowerShell\v1.0\;C:\Program Files\Intel\Intel(R) Management Engine Components\DAL;C:\Program Files\Intel\Intel(R) Management Engine Components\IPT;C:\Program Files (x86)\Intel\Intel(R) Management Engine Components\DAL;C:\Program Files (x86)\Intel\Intel(R) Management Engine Components\IPT;C:\Program Files (x86)\Intel\OpenCL SDK\2.0\bin\x86;C:\Program Files (x86)\Intel\OpenCL SDK\2.0\bin\x64;C:\Program Files\Intel\WiFi\bin\;C:\Program Files\Common Files\Intel\WirelessCommon\;C:\Program Files\Java\jdk1.8.0_201\bin;C:\Program Files\Intel\WiFi\bin\;C:\Program Files\Common Files\Intel\WirelessCommon\;C:\eclipse;;."/>
    <property name="java.vm.info" value="mixed mode"/>
    <property name="java.vendor" value="Oracle Corporation"/>
    <property name="java.vm.version" value="25.201-b09"/>
    <property name="java.ext.dirs" value="C:\Program Files\Java\jdk1.8.0_201\jre\lib\ext;C:\Windows\Sun\Java\lib\ext"/>
    <property name="sun.io.unicode.encoding" value="UnicodeLittle"/>
    <property name="java.class.version" value="52.0"/>
  </properties>
  <testcase name="API_Automation" classname="com.RestAssuredAPI.Execution_Initiator_API" time="0.94">
    <failure type="java.lang.NullPointerException">java.lang.NullPointerException
	at com.RestAssuredAPI.Execution_Initiator_API.API_Automation(Execution_Initiator_API.java:127)
</failure>
    <system-out><![CDATA[...
... TestNG 6.8beta 20120825_1010 by C?dric Beust (cedric@beust.com)
...

Data File Path :- ./testdata/testData_APIFramework.xls
FAIL--->Exception in Driver method: Exeception Details: java.lang.NullPointerException
]]></system-out>
  </testcase>
</testsuite>